<?xml version="1.0" encoding="UTF-8"?>
<testng-results total="2" passed="2" failed="0" skipped="0">
  <reporter-output>
  </reporter-output>
  <suite started-at="2025-04-19T13:27:26Z" name="Surefire suite" finished-at="2025-04-19T13:27:48Z" duration-ms="22375">
    <groups>
    </groups>
    <test started-at="2025-04-19T13:27:26Z" name="Surefire test" finished-at="2025-04-19T13:27:48Z" duration-ms="22375">
      <class name="com.wordpress.test.Testcases">
        <test-method signature="verifylogin()[pri:0, instance:com.wordpress.test.Testcases@76329302]" started-at="2025-04-19T18:57:26Z" name="verifylogin" finished-at="2025-04-19T18:57:39Z" duration-ms="13538" status="PASS">
          <reporter-output>
          </reporter-output>
        </test-method> <!-- verifylogin -->
      </class> <!-- com.wordpress.test.Testcases -->
      <class name="maventestng.SeleniumTest">
        <test-method signature="testLaunchBrowser()[pri:0, instance:maventestng.SeleniumTest@62fdb4a6]" started-at="2025-04-19T18:57:40Z" name="testLaunchBrowser" finished-at="2025-04-19T18:57:48Z" duration-ms="8806" status="PASS">
          <reporter-output>
          </reporter-output>
        </test-method> <!-- testLaunchBrowser -->
      </class> <!-- maventestng.SeleniumTest -->
    </test> <!-- Surefire test -->
  </suite> <!-- Surefire suite -->
</testng-results>
